  main.cpp
c:\users\dgome\documents\visual studio 2017\projects\undertherainislept\undertherainislept\main.cpp(7): error C2365: 'select': redefinition; previous definition was 'function'
  c:\program files (x86)\windows kits\10\include\10.0.16299.0\um\winsock.h(808): note: see declaration of 'select'
c:\users\dgome\documents\visual studio 2017\projects\undertherainislept\undertherainislept\main.cpp(15): error C2440: 'return': cannot convert from 'int (__stdcall *)(int,fd_set *,fd_set *,fd_set *,const timeval *)' to 'int'
  c:\users\dgome\documents\visual studio 2017\projects\undertherainislept\undertherainislept\main.cpp(15): note: There is no context in which this conversion is possible
c:\users\dgome\documents\visual studio 2017\projects\undertherainislept\undertherainislept\main.cpp(18): error C2296: '-': illegal, left operand has type 'int (__stdcall *)(int,fd_set *,fd_set *,fd_set *,const timeval *)'
c:\users\dgome\documents\visual studio 2017\projects\undertherainislept\undertherainislept\main.cpp(19): error C2107: illegal index, indirection not allowed
c:\users\dgome\documents\visual studio 2017\projects\undertherainislept\undertherainislept\main.cpp(19): error C2228: left of '.setFillColor' must have class/struct/union
c:\users\dgome\documents\visual studio 2017\projects\undertherainislept\undertherainislept\main.cpp(20): error C2171: '--': illegal on operands of type 'int (__stdcall *)(int,fd_set *,fd_set *,fd_set *,const timeval *)'
c:\users\dgome\documents\visual studio 2017\projects\undertherainislept\undertherainislept\main.cpp(20): error C2105: '--' needs l-value
c:\users\dgome\documents\visual studio 2017\projects\undertherainislept\undertherainislept\main.cpp(20): warning C4550: expression evaluates to a function which is missing an argument list
c:\users\dgome\documents\visual studio 2017\projects\undertherainislept\undertherainislept\main.cpp(21): error C2107: illegal index, indirection not allowed
c:\users\dgome\documents\visual studio 2017\projects\undertherainislept\undertherainislept\main.cpp(21): error C2228: left of '.setFillColor' must have class/struct/union
c:\users\dgome\documents\visual studio 2017\projects\undertherainislept\undertherainislept\main.cpp(26): error C2296: '+': illegal, left operand has type 'int (__stdcall *)(int,fd_set *,fd_set *,fd_set *,const timeval *)'
c:\users\dgome\documents\visual studio 2017\projects\undertherainislept\undertherainislept\main.cpp(27): error C2107: illegal index, indirection not allowed
c:\users\dgome\documents\visual studio 2017\projects\undertherainislept\undertherainislept\main.cpp(27): error C2228: left of '.setFillColor' must have class/struct/union
c:\users\dgome\documents\visual studio 2017\projects\undertherainislept\undertherainislept\main.cpp(28): error C2171: '++': illegal on operands of type 'int (__stdcall *)(int,fd_set *,fd_set *,fd_set *,const timeval *)'
c:\users\dgome\documents\visual studio 2017\projects\undertherainislept\undertherainislept\main.cpp(28): error C2105: '++' needs l-value
c:\users\dgome\documents\visual studio 2017\projects\undertherainislept\undertherainislept\main.cpp(28): warning C4550: expression evaluates to a function which is missing an argument list
c:\users\dgome\documents\visual studio 2017\projects\undertherainislept\undertherainislept\main.cpp(29): error C2107: illegal index, indirection not allowed
c:\users\dgome\documents\visual studio 2017\projects\undertherainislept\undertherainislept\main.cpp(29): error C2228: left of '.setFillColor' must have class/struct/union
c:\users\dgome\documents\visual studio 2017\projects\undertherainislept\undertherainislept\main.cpp(47): warning C4244: 'argument': conversion from 'float' to 'unsigned int', possible loss of data
  NewGame.cpp
c:\users\dgome\documents\visual studio 2017\projects\undertherainislept\undertherainislept\newgame.cpp(19): warning C4101: 'e': unreferenced local variable
  Generating Code...
